<?xml version="1.0" encoding="UTF-8"?>
<testng-results skipped="1" failed="0" total="3" passed="2">
  <reporter-output>
  </reporter-output>
  <suite name="Automation" duration-ms="13532" started-at="2020-06-06T16:38:23Z" finished-at="2020-06-06T16:38:36Z">
    <groups>
    </groups>
    <test name="CHROME on WINDOWS SAUCELABS" duration-ms="2149" started-at="2020-06-06T16:38:23Z" finished-at="2020-06-06T16:38:25Z">
      <class name="com.automation.scripts.Login">
        <test-method status="PASS" signature="beforeSuite(org.testng.ITestContext, java.lang.String, java.lang.String)[pri:0, instance:com.automation.scripts.Login@163e4e87]" name="beforeSuite" is-config="true" duration-ms="30" started-at="2020-06-06T22:08:23Z" finished-at="2020-06-06T22:08:23Z">
          <params>
            <param index="0">
              <value>
                <![CDATA[org.testng.TestRunner@17046283]]>
              </value>
            </param>
            <param index="1">
              <value>
                <![CDATA[Sequential]]>
              </value>
            </param>
            <param index="2">
              <value>
                <![CDATA[Regression]]>
              </value>
            </param>
          </params>
          <reporter-output>
          </reporter-output>
        </test-method> <!-- beforeSuite -->
        <test-method status="FAIL" signature="beforeTest(java.lang.String, java.lang.String, java.lang.String, java.lang.String, java.lang.String)[pri:0, instance:com.automation.scripts.Login@163e4e87]" name="beforeTest" is-config="true" duration-ms="0" started-at="2020-06-06T22:08:23Z" finished-at="2020-06-06T22:08:23Z">
          <params>
            <param index="0">
              <value>
                <![CDATA[Selenium]]>
              </value>
            </param>
            <param index="1">
              <value>
                <![CDATA[chrome]]>
              </value>
            </param>
            <param index="2">
              <value>
                <![CDATA[80]]>
              </value>
            </param>
            <param index="3">
              <value>
                <![CDATA[cloudSauceLabs]]>
              </value>
            </param>
            <param index="4">
              <value>
                <![CDATA[Windows 7]]>
              </value>
            </param>
          </params>
          <exception class="org.openqa.selenium.UnsupportedCommandException">
            <message>
              <![CDATA[Uh oh, you've run out of minutes!
Please visit https://saucelabs.com/pricing to purchase a subscription.
Command duration or timeout: 1.00 seconds
Build info: version: '2.53.1', revision: 'a36b8b1cd5757287168e54b817830adce9b0158d', time: '2016-06-30 19:26:09'
System info: host: 'HW0924', ip: '192.168.100.7', os.name: 'Windows 10', os.arch: 'amd64', os.version: '10.0', java.version: '1.8.0_201'
Driver info: org.openqa.selenium.remote.RemoteWebDriver]]>
            </message>
            <full-stacktrace>
              <![CDATA[org.openqa.selenium.UnsupportedCommandException: Uh oh, you've run out of minutes!
Please visit https://saucelabs.com/pricing to purchase a subscription.
Command duration or timeout: 1.00 seconds
Build info: version: '2.53.1', revision: 'a36b8b1cd5757287168e54b817830adce9b0158d', time: '2016-06-30 19:26:09'
System info: host: 'HW0924', ip: '192.168.100.7', os.name: 'Windows 10', os.arch: 'amd64', os.version: '10.0', java.version: '1.8.0_201'
Driver info: org.openqa.selenium.remote.RemoteWebDriver
	at sun.reflect.NativeConstructorAccessorImpl.newInstance0(Native Method)
	at sun.reflect.NativeConstructorAccessorImpl.newInstance(Unknown Source)
	at sun.reflect.DelegatingConstructorAccessorImpl.newInstance(Unknown Source)
	at java.lang.reflect.Constructor.newInstance(Unknown Source)
	at org.openqa.selenium.remote.ErrorHandler.createThrowable(ErrorHandler.java:206)
	at org.openqa.selenium.remote.ErrorHandler.throwIfResponseFailed(ErrorHandler.java:158)
	at org.openqa.selenium.remote.RemoteWebDriver.execute(RemoteWebDriver.java:678)
	at org.openqa.selenium.remote.RemoteWebDriver.startSession(RemoteWebDriver.java:249)
	at org.openqa.selenium.remote.RemoteWebDriver.<init>(RemoteWebDriver.java:131)
	at org.openqa.selenium.remote.RemoteWebDriver.<init>(RemoteWebDriver.java:158)
	at com.automation.core.TestBase.setRemoteWebDriverForCloudSauceLabs(TestBase.java:214)
	at com.automation.core.TestBase.beforeTest(TestBase.java:96)
	at sun.reflect.NativeMethodAccessorImpl.invoke0(Native Method)
	at sun.reflect.NativeMethodAccessorImpl.invoke(Unknown Source)
	at sun.reflect.DelegatingMethodAccessorImpl.invoke(Unknown Source)
	at java.lang.reflect.Method.invoke(Unknown Source)
	at org.testng.internal.MethodInvocationHelper.invokeMethod(MethodInvocationHelper.java:85)
	at org.testng.internal.Invoker.invokeConfigurationMethod(Invoker.java:510)
	at org.testng.internal.Invoker.invokeConfigurations(Invoker.java:211)
	at org.testng.internal.Invoker.invokeConfigurations(Invoker.java:138)
	at org.testng.internal.TestMethodWorker.invokeBeforeClassMethods(TestMethodWorker.java:170)
	at org.testng.internal.TestMethodWorker.run(TestMethodWorker.java:104)
	at org.testng.TestRunner.privateRun(TestRunner.java:773)
	at org.testng.TestRunner.run(TestRunner.java:623)
	at org.testng.SuiteRunner.runTest(SuiteRunner.java:357)
	at org.testng.SuiteRunner.access$000(SuiteRunner.java:39)
	at org.testng.SuiteRunner$SuiteWorker.run(SuiteRunner.java:391)
	at org.testng.internal.thread.ThreadUtil$2.call(ThreadUtil.java:64)
	at java.util.concurrent.FutureTask.run(Unknown Source)
	at java.util.concurrent.ThreadPoolExecutor.runWorker(Unknown Source)
	at java.util.concurrent.ThreadPoolExecutor$Worker.run(Unknown Source)
	at java.lang.Thread.run(Unknown Source)
]]>
            </full-stacktrace>
          </exception> <!-- org.openqa.selenium.UnsupportedCommandException -->
          <reporter-output>
          </reporter-output>
        </test-method> <!-- beforeTest -->
        <test-method status="SKIP" signature="beforeMethod(java.lang.reflect.Method)[pri:0, instance:com.automation.scripts.Login@163e4e87]" name="beforeMethod" is-config="true" duration-ms="0" started-at="2020-06-06T22:08:25Z" finished-at="2020-06-06T22:08:25Z">
          <reporter-output>
          </reporter-output>
        </test-method> <!-- beforeMethod -->
        <test-method status="SKIP" signature="login()[pri:0, instance:com.automation.scripts.Login@163e4e87]" name="login" duration-ms="3" started-at="2020-06-06T22:08:25Z" finished-at="2020-06-06T22:08:25Z">
          <reporter-output>
          </reporter-output>
        </test-method> <!-- login -->
        <test-method status="SKIP" signature="afterMethod()[pri:0, instance:com.automation.scripts.Login@163e4e87]" name="afterMethod" is-config="true" duration-ms="0" started-at="2020-06-06T22:08:25Z" finished-at="2020-06-06T22:08:25Z">
          <reporter-output>
          </reporter-output>
        </test-method> <!-- afterMethod -->
        <test-method status="FAIL" signature="afterTest(java.lang.String)[pri:0, instance:com.automation.scripts.Login@163e4e87]" name="afterTest" is-config="true" duration-ms="0" started-at="2020-06-06T22:08:25Z" finished-at="2020-06-06T22:08:25Z">
          <params>
            <param index="0">
              <value>
                <![CDATA[chrome]]>
              </value>
            </param>
          </params>
          <exception class="java.lang.NullPointerException">
            <full-stacktrace>
              <![CDATA[java.lang.NullPointerException
	at com.automation.core.TestBase.afterTest(TestBase.java:118)
	at sun.reflect.NativeMethodAccessorImpl.invoke0(Native Method)
	at sun.reflect.NativeMethodAccessorImpl.invoke(Unknown Source)
	at sun.reflect.DelegatingMethodAccessorImpl.invoke(Unknown Source)
	at java.lang.reflect.Method.invoke(Unknown Source)
	at org.testng.internal.MethodInvocationHelper.invokeMethod(MethodInvocationHelper.java:85)
	at org.testng.internal.Invoker.invokeConfigurationMethod(Invoker.java:510)
	at org.testng.internal.Invoker.invokeConfigurations(Invoker.java:211)
	at org.testng.internal.Invoker.invokeConfigurations(Invoker.java:138)
	at org.testng.internal.TestMethodWorker.invokeAfterClassMethods(TestMethodWorker.java:220)
	at org.testng.internal.TestMethodWorker.run(TestMethodWorker.java:111)
	at org.testng.TestRunner.privateRun(TestRunner.java:773)
	at org.testng.TestRunner.run(TestRunner.java:623)
	at org.testng.SuiteRunner.runTest(SuiteRunner.java:357)
	at org.testng.SuiteRunner.access$000(SuiteRunner.java:39)
	at org.testng.SuiteRunner$SuiteWorker.run(SuiteRunner.java:391)
	at org.testng.internal.thread.ThreadUtil$2.call(ThreadUtil.java:64)
	at java.util.concurrent.FutureTask.run(Unknown Source)
	at java.util.concurrent.ThreadPoolExecutor.runWorker(Unknown Source)
	at java.util.concurrent.ThreadPoolExecutor$Worker.run(Unknown Source)
	at java.lang.Thread.run(Unknown Source)
]]>
            </full-stacktrace>
          </exception> <!-- java.lang.NullPointerException -->
          <reporter-output>
          </reporter-output>
        </test-method> <!-- afterTest -->
      </class> <!-- com.automation.scripts.Login -->
    </test> <!-- CHROME on WINDOWS SAUCELABS -->
    <test name="IE on WINDOWS LOCAL" duration-ms="11103" started-at="2020-06-06T16:38:23Z" finished-at="2020-06-06T16:38:34Z">
      <class name="com.automation.scripts.Login">
        <test-method status="PASS" signature="beforeTest(java.lang.String, java.lang.String, java.lang.String, java.lang.String, java.lang.String)[pri:0, instance:com.automation.scripts.Login@3c9d0b9d]" name="beforeTest" is-config="true" duration-ms="6506" started-at="2020-06-06T22:08:23Z" finished-at="2020-06-06T22:08:29Z">
          <params>
            <param index="0">
              <value>
                <![CDATA[Selenium]]>
              </value>
            </param>
            <param index="1">
              <value>
                <![CDATA[ie]]>
              </value>
            </param>
            <param index="2">
              <value>
                <![CDATA[11]]>
              </value>
            </param>
            <param index="3">
              <value>
                <![CDATA[local]]>
              </value>
            </param>
            <param index="4">
              <value>
                <![CDATA[Windows 7]]>
              </value>
            </param>
          </params>
          <reporter-output>
          </reporter-output>
        </test-method> <!-- beforeTest -->
        <test-method status="PASS" signature="beforeMethod(java.lang.reflect.Method)[pri:0, instance:com.automation.scripts.Login@3c9d0b9d]" name="beforeMethod" is-config="true" duration-ms="5" started-at="2020-06-06T22:08:29Z" finished-at="2020-06-06T22:08:29Z">
          <params>
            <param index="0">
              <value>
                <![CDATA[public void com.automation.scripts.Login.login() throws java.lang.Throwable]]>
              </value>
            </param>
          </params>
          <reporter-output>
          </reporter-output>
        </test-method> <!-- beforeMethod -->
        <test-method status="PASS" signature="login()[pri:0, instance:com.automation.scripts.Login@3c9d0b9d]" name="login" duration-ms="3089" started-at="2020-06-06T22:08:29Z" finished-at="2020-06-06T22:08:33Z">
          <reporter-output>
          </reporter-output>
        </test-method> <!-- login -->
        <test-method status="PASS" signature="afterMethod()[pri:0, instance:com.automation.scripts.Login@3c9d0b9d]" name="afterMethod" is-config="true" duration-ms="1" started-at="2020-06-06T22:08:33Z" finished-at="2020-06-06T22:08:33Z">
          <reporter-output>
          </reporter-output>
        </test-method> <!-- afterMethod -->
        <test-method status="PASS" signature="afterTest(java.lang.String)[pri:0, instance:com.automation.scripts.Login@3c9d0b9d]" name="afterTest" is-config="true" duration-ms="1487" started-at="2020-06-06T22:08:33Z" finished-at="2020-06-06T22:08:34Z">
          <params>
            <param index="0">
              <value>
                <![CDATA[ie]]>
              </value>
            </param>
          </params>
          <reporter-output>
          </reporter-output>
        </test-method> <!-- afterTest -->
      </class> <!-- com.automation.scripts.Login -->
    </test> <!-- IE on WINDOWS LOCAL -->
    <test name="CHROME on WINDOWS LOCAL" duration-ms="13527" started-at="2020-06-06T16:38:23Z" finished-at="2020-06-06T16:38:36Z">
      <class name="com.automation.scripts.SearchFlight">
        <test-method status="PASS" signature="beforeTest(java.lang.String, java.lang.String, java.lang.String, java.lang.String, java.lang.String)[pri:0, instance:com.automation.scripts.SearchFlight@3d121db3]" name="beforeTest" is-config="true" duration-ms="7594" started-at="2020-06-06T22:08:23Z" finished-at="2020-06-06T22:08:31Z">
          <params>
            <param index="0">
              <value>
                <![CDATA[Selenium]]>
              </value>
            </param>
            <param index="1">
              <value>
                <![CDATA[chrome]]>
              </value>
            </param>
            <param index="2">
              <value>
                <![CDATA[80]]>
              </value>
            </param>
            <param index="3">
              <value>
                <![CDATA[local]]>
              </value>
            </param>
            <param index="4">
              <value>
                <![CDATA[Windows 10]]>
              </value>
            </param>
          </params>
          <reporter-output>
          </reporter-output>
        </test-method> <!-- beforeTest -->
        <test-method status="PASS" signature="beforeMethod(java.lang.reflect.Method)[pri:0, instance:com.automation.scripts.SearchFlight@3d121db3]" name="beforeMethod" is-config="true" duration-ms="5" started-at="2020-06-06T22:08:31Z" finished-at="2020-06-06T22:08:31Z">
          <params>
            <param index="0">
              <value>
                <![CDATA[public void com.automation.scripts.SearchFlight.searchFlight() throws java.lang.Throwable]]>
              </value>
            </param>
          </params>
          <reporter-output>
          </reporter-output>
        </test-method> <!-- beforeMethod -->
        <test-method status="PASS" signature="searchFlight()[pri:0, instance:com.automation.scripts.SearchFlight@3d121db3]" name="searchFlight" duration-ms="4869" started-at="2020-06-06T22:08:31Z" finished-at="2020-06-06T22:08:35Z">
          <reporter-output>
          </reporter-output>
        </test-method> <!-- searchFlight -->
        <test-method status="PASS" signature="afterMethod()[pri:0, instance:com.automation.scripts.SearchFlight@3d121db3]" name="afterMethod" is-config="true" duration-ms="1" started-at="2020-06-06T22:08:35Z" finished-at="2020-06-06T22:08:35Z">
          <reporter-output>
          </reporter-output>
        </test-method> <!-- afterMethod -->
        <test-method status="PASS" signature="afterTest(java.lang.String)[pri:0, instance:com.automation.scripts.SearchFlight@3d121db3]" name="afterTest" is-config="true" duration-ms="1042" started-at="2020-06-06T22:08:35Z" finished-at="2020-06-06T22:08:36Z">
          <params>
            <param index="0">
              <value>
                <![CDATA[chrome]]>
              </value>
            </param>
          </params>
          <reporter-output>
          </reporter-output>
        </test-method> <!-- afterTest -->
      </class> <!-- com.automation.scripts.SearchFlight -->
    </test> <!-- CHROME on WINDOWS LOCAL -->
  </suite> <!-- Automation -->
</testng-results>
